0 info it worked if it ends with ok
1 verbose cli [ 'D:\\programfiles\\laragon\\bin\\nodejs\\node.exe',
1 verbose cli   'D:\\programfiles\\laragon\\bin\\nodejs\\node_modules\\npm\\bin\\npm-cli.js',
1 verbose cli   'run',
1 verbose cli   'watch' ]
2 info using npm@3.10.8
3 info using node@v6.9.1
4 verbose run-script [ 'prewatch', 'watch', 'postwatch' ]
5 info lifecycle @~prewatch: @
6 silly lifecycle @~prewatch: no script for prewatch, continuing
7 info lifecycle @~watch: @
8 verbose lifecycle @~watch: unsafe-perm in lifecycle true
9 verbose lifecycle @~watch: PATH: D:\programfiles\laragon\bin\nodejs\node_modules\npm\bin\node-gyp-bin;D:\programfiles\laragon\www\IAG_Reflectiemodel\node_modules\.bin;C:\Users\Renze\AppData\Local\Yarn\config\global\node_modules\.bin;C:\Users\Renze\AppData\Roaming\npm;C:\Users\Renze\AppData\Roaming\Composer\vendor\bin;D:\programfiles\laragon\bin\mysql\mariadb-10.2.3-win32\bin;D:\programfiles\laragon\bin\php\php-7.1.1-Win32-VC14-x86;D:\programfiles\laragon\bin\composer;D:\programfiles\laragon\bin\apache\httpd-2.4.25-win32-VC14\bin;D:\programfiles\laragon\bin\redis\redis-x64-3.2.100;D:\programfiles\laragon\bin\memcached\memcached-1.4.5;D:\programfiles\laragon\bin\nodejs;D:\programfiles\laragon\bin\yarn\bin;D:\programfiles\laragon\bin\notepad++;D:\programfiles\laragon\bin\telnet;D:\programfiles\laragon\bin\ngrok;D:\programfiles\laragon\bin\sendmail;D:\programfiles\laragon\bin\winscp;D:\programfiles\laragon\bin\git\bin;D:\programfiles\laragon\bin\git\cmd;D:\programfiles\laragon\bin\git\usr\bin;D:\programfiles\laragon\bin\git\mingw32\bin;D:\programfiles\laragon\bin;D:\programfiles\laragon\usr\bin;D:\programfiles\laragon\bin\putty;;D:\programfiles\laragon\bin\cmder\bin;D:\programfiles\laragon\bin\cmder\vendor\conemu-maximus5\ConEmu\Scripts;D:\programfiles\laragon\bin\cmder\vendor\conemu-maximus5;D:\programfiles\laragon\bin\cmder\vendor\conemu-maximus5\ConEmu;C:\Program Files (x86)\NVIDIA Corporation\PhysX\Common;C:\Program Files (x86)\Intel\iCLS Client\;C:\Program Files\Intel\iCLS Client\;C:\Windows\system32;C:\Windows;C:\Windows\System32\Wbem;C:\Windows\System32\WindowsPowerShell\v1.0\;C:\Program Files\Intel\Intel(R) Management Engine Components\DAL;C:\Program Files\Intel\Intel(R) Management Engine Components\IPT;C:\Program Files (x86)\Intel\Intel(R) Management Engine Components\DAL;C:\Program Files (x86)\Intel\Intel(R) Management Engine Components\IPT;C:\Program Files\Condusiv Technologies\ExpressCache\;C:\Android;C:\Windows\System32;C:\Ruby23-x64\bin;C:\Users\Renze\AppData\Local\atom\bin;D:\programfiles\laragon\bin\cmder\;
10 verbose lifecycle @~watch: CWD: D:\programfiles\laragon\www\IAG_Reflectiemodel
11 silly lifecycle @~watch: Args: [ '/d /s /c',
11 silly lifecycle   'cross-env NODE_ENV=development node_modules/webpack/bin/webpack.js --watch --progress --hide-modules --config=node_modules/laravel-mix/setup/webpack.config.js' ]
12 silly lifecycle @~watch: Returned: code: 3221225786  signal: null
13 info lifecycle @~watch: Failed to exec watch script
14 verbose stack Error: @ watch: `cross-env NODE_ENV=development node_modules/webpack/bin/webpack.js --watch --progress --hide-modules --config=node_modules/laravel-mix/setup/webpack.config.js`
14 verbose stack Exit status 3221225786
14 verbose stack     at EventEmitter.<anonymous> (D:\programfiles\laragon\bin\nodejs\node_modules\npm\lib\utils\lifecycle.js:255:16)
14 verbose stack     at emitTwo (events.js:106:13)
14 verbose stack     at EventEmitter.emit (events.js:191:7)
14 verbose stack     at ChildProcess.<anonymous> (D:\programfiles\laragon\bin\nodejs\node_modules\npm\lib\utils\spawn.js:40:14)
14 verbose stack     at emitTwo (events.js:106:13)
14 verbose stack     at ChildProcess.emit (events.js:191:7)
14 verbose stack     at maybeClose (internal/child_process.js:877:16)
14 verbose stack     at Process.ChildProcess._handle.onexit (internal/child_process.js:226:5)
15 verbose pkgid @
16 verbose cwd D:\programfiles\laragon\www\IAG_Reflectiemodel
17 error Windows_NT 6.3.9600
18 error argv "D:\\programfiles\\laragon\\bin\\nodejs\\node.exe" "D:\\programfiles\\laragon\\bin\\nodejs\\node_modules\\npm\\bin\\npm-cli.js" "run" "watch"
19 error node v6.9.1
20 error npm  v3.10.8
21 error code ELIFECYCLE
22 error @ watch: `cross-env NODE_ENV=development node_modules/webpack/bin/webpack.js --watch --progress --hide-modules --config=node_modules/laravel-mix/setup/webpack.config.js`
22 error Exit status 3221225786
23 error Failed at the @ watch script 'cross-env NODE_ENV=development node_modules/webpack/bin/webpack.js --watch --progress --hide-modules --config=node_modules/laravel-mix/setup/webpack.config.js'.
23 error Make sure you have the latest version of node.js and npm installed.
23 error If you do, this is most likely a problem with the  package,
23 error not with npm itself.
23 error Tell the author that this fails on your system:
23 error     cross-env NODE_ENV=development node_modules/webpack/bin/webpack.js --watch --progress --hide-modules --config=node_modules/laravel-mix/setup/webpack.config.js
23 error You can get information on how to open an issue for this project with:
23 error     npm bugs
23 error Or if that isn't available, you can get their info via:
23 error     npm owner ls
23 error There is likely additional logging output above.
24 verbose exit [ 1, true ]
